<?xml version="1.0" encoding="UTF-8"?>
<!-- Generated by org.testng.reporters.JUnitReportReporter -->
<testsuite hostname="Metalok" failures="0" tests="1" name="AllSelenium_YT.HandleDynamicElemements_XpathBySurrounding" time="18.684" errors="0" timestamp="2024-04-18T14:16:46 IST" skipped="0">
  <testcase classname="AllSelenium_YT.HandleDynamicElemements_XpathBySurrounding" name="DynamicWebElement" time="18.684"/>
  <system-out/>
</testsuite> <!-- AllSelenium_YT.HandleDynamicElemements_XpathBySurrounding -->
