<?xml version="1.0" encoding="UTF-8"?>
<!-- Generated by org.testng.reporters.JUnitReportReporter -->
<testsuite hostname="DESKTOP-TNMFF6P" failures="0" tests="1" name="AllSelenium.JqueryDdpractice" time="12.330" errors="0" timestamp="2024-04-04T20:35:41 IST" skipped="0">
  <testcase classname="AllSelenium.JqueryDdpractice" name="jqueryDropdown" time="12.330"/>
  <system-out/>
</testsuite> <!-- AllSelenium.JqueryDdpractice -->
