<?xml version="1.0" encoding="UTF-8"?>
<!-- Generated by org.testng.reporters.JUnitReportReporter -->
<testsuite hostname="Metalok" failures="0" tests="1" name="AllSelenium_YT.Properety_Fetching" time="22.867" errors="0" timestamp="2024-04-21T23:05:36 IST" skipped="0">
  <testcase classname="AllSelenium_YT.Properety_Fetching" name="propertyFetched" time="22.867"/>
  <system-out/>
</testsuite> <!-- AllSelenium_YT.Properety_Fetching -->
