<?xml version="1.0" encoding="UTF-8"?>
<!-- Generated by org.testng.reporters.JUnitReportReporter -->
<testsuite hostname="Metalok" failures="0" tests="1" name="AllSelenium_YT.Handle_DynamicElements" time="9.760" errors="0" timestamp="2024-04-18T14:44:37 IST" skipped="0">
  <testcase classname="AllSelenium_YT.Handle_DynamicElements" name="dynamicElements" time="9.760"/>
  <system-out/>
</testsuite> <!-- AllSelenium_YT.Handle_DynamicElements -->
