<?xml version="1.0" encoding="UTF-8"?>
<!-- Generated by org.testng.reporters.JUnitReportReporter -->
<testsuite hostname="DESKTOP-TNMFF6P" failures="0" tests="1" name="AllSelenium.JqueryDropdown" time="11.346" errors="0" timestamp="2024-04-04T20:03:42 IST" skipped="0">
  <testcase classname="AllSelenium.JqueryDropdown" name="jqueryDdn" time="11.346"/>
  <system-out/>
</testsuite> <!-- AllSelenium.JqueryDropdown -->
